<?xml version="1.0" encoding="utf-8"?><testsuites name="pytest tests"><testsuite name="pytest" errors="0" failures="0" skipped="0" tests="23" time="1.472" timestamp="2026-09-03T13:07:28.826914+00:00" hostname="agent-env-e98fc3ca-3620-4a86-856f-19fb55550f4d"><testcase classname="tests.test_iteration5_features.TestCashoutRequest" name="test_min_amount_rejection" time="0.696" /><testcase classname="tests.test_iteration5_features.TestIter4Regression" name="test_stripe_checkout_paid_course_returns_url" time="0.660" /><testcase classname="tests.test_iteration5_features.TestIter4Regression" name="test_referral_and_wallet_intact" time="0.008" /><testcase classname="tests.test_iteration5_features.TestIter4Regression" name="test_batches_auto_sessions_still_works" time="0.024" /><testcase classname="tests.test_iteration5_features.TestIter4Regression" name="test_admin_payouts_ledger" time="0.058" /><testcase classname="tests.test_iteration5_features.TestCashoutRequest" name="test_over_balance_rejection" time="0.049" /><testcase classname="tests.test_iteration5_features.TestCashoutRequest" name="test_invalid_upi_rejection" time="0.047" /><testcase classname="tests.test_iteration5_features.TestIter4Regression" name="test_certificate_html_still_works" time="0.020" /><testcase classname="tests.test_iteration5_features.TestIter4Regression" name="test_reviews_still_work" time="0.039" /><testcase classname="tests.test_iteration5_features.TestCashoutRequest" name="test_successful_cashout_creates_notif_and_deducts_wallet" time="0.059" /><testcase classname="tests.test_iteration5_features.TestCertificatePdf" name="test_pdf_404_before_completion" time="0.011" /><testcase classname="tests.test_iteration5_features.TestCertificatePdf" name="test_pdf_bearer_and_query_auth" time="0.050" /><testcase classname="tests.test_iteration5_features.TestCashoutRequest" name="test_non_student_cannot_request" time="0.008" /><testcase classname="tests.test_iteration5_features.TestCashoutAdminActions" name="test_reject_refunds_wallet_and_already_resolved_400" time="0.070" /><testcase classname="tests.test_iteration5_features.TestCertificatePdf" name="test_pdf_unauth" time="0.018" /><testcase classname="tests.test_iteration5_features.TestCertificateShare" name="test_share_404_before_completion" time="0.011" /><testcase classname="tests.test_iteration5_features.TestCertificateShare" name="test_share_returns_all_channels" time="0.020" /><testcase classname="tests.test_iteration5_features.TestCashoutAdminActions" name="test_paid_flow_keeps_wallet_deducted_with_reference_and_audit" time="0.065" /><testcase classname="tests.test_iteration5_features.TestSessionReminders" name="test_reminder_for_today_session" time="0.041" /><testcase classname="tests.test_iteration5_features.TestSessionReminders" name="test_non_student_gets_no_reminders" time="0.003" /><testcase classname="tests.test_iteration5_features.TestMerchantInsights" name="test_insights_shape_and_role" time="0.067" /><testcase classname="tests.test_iteration5_features.TestCashoutAdminActions" name="test_non_admin_cannot_action" time="0.052" /><testcase classname="tests.test_iteration5_features.TestCashoutList" name="test_my_and_admin_lists" time="0.053" /></testsuite></testsuites>