<?xml version="1.0" encoding="utf-8"?><testsuites name="pytest tests"><testsuite name="pytest" errors="0" failures="0" skipped="0" tests="14" time="7.266" timestamp="2026-09-03T12:47:46.742914+00:00" hostname="agent-env-e98fc3ca-3620-4a86-856f-19fb55550f4d"><testcase classname="tests.test_iteration4_features.TestReferralsWallet" name="test_referrals_endpoint_shape" time="0.353" /><testcase classname="tests.test_iteration4_features.TestRegression" name="test_home_and_courses" time="0.370" /><testcase classname="tests.test_iteration4_features.TestReferralsWallet" name="test_referral_paid_course_credits_wallet" time="1.624" /><testcase classname="tests.test_iteration4_features.TestRegression" name="test_stripe_checkout_regression" time="1.162" /><testcase classname="tests.test_iteration4_features.TestRegression" name="test_coupon_validate_regression" time="1.571" /><testcase classname="tests.test_iteration4_features.TestReferralsWallet" name="test_referral_free_course_immediate_credit_and_idempotent" time="1.056" /><testcase classname="tests.test_iteration4_features.TestReferralsWallet" name="test_wallet_usage_at_checkout" time="0.896" /><testcase classname="tests.test_iteration4_features.TestRegression" name="test_review_and_refund_regression" time="0.509" /><testcase classname="tests.test_iteration4_features.TestRegression" name="test_audit_logs_still_working" time="0.300" /><testcase classname="tests.test_iteration4_features.TestProgressCertificate" name="test_progress_and_certificate_flow" time="1.152" /><testcase classname="tests.test_iteration4_features.TestBatchSessions" name="test_batch_auto_generates_sessions" time="1.041" /><testcase classname="tests.test_iteration4_features.TestBatchSessions" name="test_add_and_remove_session" time="0.490" /><testcase classname="tests.test_iteration4_features.TestPayouts" name="test_admin_payouts_ledger_and_record" time="1.843" /><testcase classname="tests.test_iteration4_features.TestBatchSessions" name="test_per_session_attendance" time="1.358" /></testsuite></testsuites>