<?xml version="1.0" encoding="utf-8"?><testsuites name="pytest tests"><testsuite name="pytest" errors="0" failures="0" skipped="0" tests="3" time="1.149" timestamp="2026-09-03T10:39:09.924200+00:00" hostname="agent-env-e98fc3ca-3620-4a86-856f-19fb55550f4d"><testcase classname="tests.test_core_flows" name="test_home_and_course_search" time="0.180" /><testcase classname="tests.test_core_flows" name="test_student_lists_and_enrollment_payment_states" time="0.340" /><testcase classname="tests.test_core_flows" name="test_admin_and_merchant_protected_dashboards" time="0.318" /></testsuite></testsuites>