<?xml version="1.0" encoding="utf-8"?><testsuites name="pytest tests"><testsuite name="pytest" errors="0" failures="0" skipped="0" tests="33" time="3.938" timestamp="2026-09-03T11:53:26.506681+00:00" hostname="agent-env-e98fc3ca-3620-4a86-856f-19fb55550f4d"><testcase classname="tests.test_iteration3_features.TestRegression" name="test_home" time="0.305" /><testcase classname="tests.test_iteration3_features.TestRegression" name="test_courses" time="0.040" /><testcase classname="tests.test_iteration3_features.TestCouponForMerchantCourse" name="test_merchant_creates_course_under_review" time="0.401" /><testcase classname="tests.test_iteration3_features.TestRegression" name="test_course_detail" time="0.055" /><testcase classname="tests.test_iteration3_features.TestCouponForMerchantCourse" name="test_under_review_not_in_public_list" time="0.041" /><testcase classname="tests.test_iteration3_features.TestRegression" name="test_me" time="0.147" /><testcase classname="tests.test_iteration3_features.TestCouponForMerchantCourse" name="test_admin_publishes_course" time="0.164" /><testcase classname="tests.test_iteration3_features.TestRegression" name="test_lists_cart_favorites" time="0.182" /><testcase classname="tests.test_iteration3_features.TestCouponForMerchantCourse" name="test_published_now_visible" time="0.039" /><testcase classname="tests.test_iteration3_features.TestCouponForMerchantCourse" name="test_merchant_create_and_admin_approve_coupon" time="0.133" /><testcase classname="tests.test_iteration3_features.TestRegression" name="test_otp_send" time="0.083" /><testcase classname="tests.test_iteration3_features.TestCouponForMerchantCourse" name="test_validate_approved_coupon_for_merchant_course" time="0.119" /><testcase classname="tests.test_iteration3_features.TestCouponForMerchantCourse" name="test_enrollment_with_coupon" time="0.041" /><testcase classname="tests.test_iteration3_features.TestRegression" name="test_admin_dashboard" time="0.199" /><testcase classname="tests.test_iteration3_features.TestRefunds" name="test_refund_rejected_for_unpaid" time="0.119" /><testcase classname="tests.test_iteration3_features.TestCouponsFlow" name="test_create_coupon_pending" time="0.086" /><testcase classname="tests.test_iteration3_features.TestRefunds" name="test_refund_created_for_paid" time="0.159" /><testcase classname="tests.test_iteration3_features.TestCouponsFlow" name="test_duplicate_coupon_rejected" time="0.089" /><testcase classname="tests.test_iteration3_features.TestCouponsFlow" name="test_validate_pending_coupon_rejected" time="0.081" /><testcase classname="tests.test_iteration3_features.TestRefunds" name="test_admin_lists_refunds" time="0.046" /><testcase classname="tests.test_iteration3_features.TestRefunds" name="test_admin_approves_refund" time="0.128" /><testcase classname="tests.test_iteration3_features.TestCouponsFlow" name="test_admin_approves_coupon" time="0.039" /><testcase classname="tests.test_iteration3_features.TestCouponsFlow" name="test_validate_approved_coupon" time="0.079" /><testcase classname="tests.test_iteration3_features.TestBatches" name="test_create_batch" time="0.166" /><testcase classname="tests.test_iteration3_features.TestStripeCheckout" name="test_checkout_creates_stripe_session" time="0.903" /><testcase classname="tests.test_iteration3_features.TestBatches" name="test_attendance_get_returns_students" time="0.701" /><testcase classname="tests.test_iteration3_features.TestBatches" name="test_attendance_mark" time="0.047" /><testcase classname="tests.test_iteration3_features.TestStripeCheckout" name="test_payment_status_pending" time="0.394" /><testcase classname="tests.test_iteration3_features.TestStripeCheckout" name="test_payment_status_idempotent" time="0.698" /><testcase classname="tests.test_iteration3_features.TestRatings" name="test_non_enrolled_rating_forbidden" time="0.752" /><testcase classname="tests.test_iteration3_features.TestRatings" name="test_enrolled_student_can_rate" time="0.459" /><testcase classname="tests.test_iteration3_features.TestFreeEnrollment" name="test_free_course_auto_active" time="0.082" /><testcase classname="tests.test_iteration3_features.TestAuditLogs" name="test_audit_logs_present" time="0.038" /></testsuite></testsuites>